<?xml version="1.0" encoding="UTF-8"?>
<!-- Generated by org.testng.reporters.JUnitReportReporter -->
<testsuite skipped="0" hostname="DESKTOP-EC4NL2T" name="com.example.service.CalculadoraTestSelenium" tests="9" failures="0" timestamp="12 feb 2021 01:50:47 GMT" time="355.498" errors="0">
  <testcase name="testFibonacci" time="41.230" classname="com.example.service.CalculadoraTestSelenium"/>
  <testcase name="testDivision" time="58.974" classname="com.example.service.CalculadoraTestSelenium"/>
  <testcase name="testResta" time="11.756" classname="com.example.service.CalculadoraTestSelenium"/>
  <testcase name="testLimpiar" time="52.781" classname="com.example.service.CalculadoraTestSelenium"/>
  <testcase name="testSuma" time="25.488" classname="com.example.service.CalculadoraTestSelenium"/>
  <testcase name="testMultiplicacion" time="47.322" classname="com.example.service.CalculadoraTestSelenium"/>
  <testcase name="testFactorial" time="33.062" classname="com.example.service.CalculadoraTestSelenium"/>
  <testcase name="testPotencia" time="65.466" classname="com.example.service.CalculadoraTestSelenium"/>
  <testcase name="testRaiz" time="19.419" classname="com.example.service.CalculadoraTestSelenium"/>
</testsuite> <!-- com.example.service.CalculadoraTestSelenium -->
