<?xml version="1.0" encoding="UTF-8"?>
<!-- Generated by org.testng.reporters.JUnitReportReporter -->
<testsuite skipped="0" hostname="DESKTOP-EC4NL2T" name="com.example.service.CalculateSimpleTest" tests="10" failures="0" timestamp="12 feb 2021 01:26:29 GMT" time="0.943" errors="0">
  <testcase name="testFactorial" time="0.094" classname="com.example.service.CalculateSimpleTest"/>
  <testcase name="testSqrt" time="0.092" classname="com.example.service.CalculateSimpleTest"/>
  <testcase name="testPower" time="0.093" classname="com.example.service.CalculateSimpleTest"/>
  <testcase name="testSubtract" time="0.089" classname="com.example.service.CalculateSimpleTest"/>
  <testcase name="testClearAdvanced" time="0.096" classname="com.example.service.CalculateSimpleTest"/>
  <testcase name="testFibonacci" time="0.096" classname="com.example.service.CalculateSimpleTest"/>
  <testcase name="testDivide" time="0.095" classname="com.example.service.CalculateSimpleTest"/>
  <testcase name="testMultiply" time="0.095" classname="com.example.service.CalculateSimpleTest"/>
  <testcase name="testClearSimple" time="0.095" classname="com.example.service.CalculateSimpleTest"/>
  <testcase name="testAdd" time="0.098" classname="com.example.service.CalculateSimpleTest"/>
</testsuite> <!-- com.example.service.CalculateSimpleTest -->
